CRITICAL - 2024-05-28 07:31:48 --> ArgumentCountError: Too few arguments to function App\Controllers\Login::sendPasswordResetEmail(), 2 passed in C:\xampp3\htdocs\Ci4_project\app\Controllers\Login.php on line 93 and exactly 3 expected
[Method: POST, Route: forgot-password/send-email]
in APPPATH\Controllers\Login.php on line 103.
 1 APPPATH\Controllers\Login.php(93): App\Controllers\Login->sendPasswordResetEmail()
 2 SYSTEMPATH\CodeIgniter.php(933): App\Controllers\Login->sendResetPasswordEmail()
 3 SYSTEMPATH\CodeIgniter.php(509): CodeIgniter\CodeIgniter->runController()
 4 SYSTEMPATH\CodeIgniter.php(355): CodeIgniter\CodeIgniter->handleRequest()
 5 SYSTEMPATH\Boot.php(312): CodeIgniter\CodeIgniter->run()
 6 SYSTEMPATH\Boot.php(67): CodeIgniter\Boot::runCodeIgniter()
 7 FCPATH\index.php(59): CodeIgniter\Boot::bootWeb()
 8 SYSTEMPATH\Commands\Server\rewrite.php(49): require_once('C:\\xampp3\\htdocs\\Ci4_project\\public\\index.php')
CRITICAL - 2024-05-28 07:31:57 --> ArgumentCountError: Too few arguments to function App\Controllers\Login::sendPasswordResetEmail(), 2 passed in C:\xampp3\htdocs\Ci4_project\app\Controllers\Login.php on line 93 and exactly 3 expected
[Method: POST, Route: forgot-password/send-email]
in APPPATH\Controllers\Login.php on line 103.
 1 APPPATH\Controllers\Login.php(93): App\Controllers\Login->sendPasswordResetEmail()
 2 SYSTEMPATH\CodeIgniter.php(933): App\Controllers\Login->sendResetPasswordEmail()
 3 SYSTEMPATH\CodeIgniter.php(509): CodeIgniter\CodeIgniter->runController()
 4 SYSTEMPATH\CodeIgniter.php(355): CodeIgniter\CodeIgniter->handleRequest()
 5 SYSTEMPATH\Boot.php(312): CodeIgniter\CodeIgniter->run()
 6 SYSTEMPATH\Boot.php(67): CodeIgniter\Boot::runCodeIgniter()
 7 FCPATH\index.php(59): CodeIgniter\Boot::bootWeb()
 8 SYSTEMPATH\Commands\Server\rewrite.php(49): require_once('C:\\xampp3\\htdocs\\Ci4_project\\public\\index.php')
CRITICAL - 2024-05-28 07:40:43 --> ErrorException: Undefined array key "name"
[Method: POST, Route: forgot-password/send-email]
in APPPATH\Controllers\Login.php on line 85.
 1 APPPATH\Controllers\Login.php(85): CodeIgniter\Debug\Exceptions->errorHandler()
 2 SYSTEMPATH\CodeIgniter.php(933): App\Controllers\Login->sendResetPasswordEmail()
 3 SYSTEMPATH\CodeIgniter.php(509): CodeIgniter\CodeIgniter->runController()
 4 SYSTEMPATH\CodeIgniter.php(355): CodeIgniter\CodeIgniter->handleRequest()
 5 SYSTEMPATH\Boot.php(312): CodeIgniter\CodeIgniter->run()
 6 SYSTEMPATH\Boot.php(67): CodeIgniter\Boot::runCodeIgniter()
 7 FCPATH\index.php(59): CodeIgniter\Boot::bootWeb()
 8 SYSTEMPATH\Commands\Server\rewrite.php(49): require_once('C:\\xampp3\\htdocs\\Ci4_project\\public\\index.php')
CRITICAL - 2024-05-28 07:40:47 --> ErrorException: Undefined array key "name"
[Method: POST, Route: forgot-password/send-email]
in APPPATH\Controllers\Login.php on line 85.
 1 APPPATH\Controllers\Login.php(85): CodeIgniter\Debug\Exceptions->errorHandler()
 2 SYSTEMPATH\CodeIgniter.php(933): App\Controllers\Login->sendResetPasswordEmail()
 3 SYSTEMPATH\CodeIgniter.php(509): CodeIgniter\CodeIgniter->runController()
 4 SYSTEMPATH\CodeIgniter.php(355): CodeIgniter\CodeIgniter->handleRequest()
 5 SYSTEMPATH\Boot.php(312): CodeIgniter\CodeIgniter->run()
 6 SYSTEMPATH\Boot.php(67): CodeIgniter\Boot::runCodeIgniter()
 7 FCPATH\index.php(59): CodeIgniter\Boot::bootWeb()
 8 SYSTEMPATH\Commands\Server\rewrite.php(49): require_once('C:\\xampp3\\htdocs\\Ci4_project\\public\\index.php')
CRITICAL - 2024-05-28 07:40:56 --> ErrorException: Undefined array key "name"
[Method: POST, Route: forgot-password/send-email]
in APPPATH\Controllers\Login.php on line 85.
 1 APPPATH\Controllers\Login.php(85): CodeIgniter\Debug\Exceptions->errorHandler()
 2 SYSTEMPATH\CodeIgniter.php(933): App\Controllers\Login->sendResetPasswordEmail()
 3 SYSTEMPATH\CodeIgniter.php(509): CodeIgniter\CodeIgniter->runController()
 4 SYSTEMPATH\CodeIgniter.php(355): CodeIgniter\CodeIgniter->handleRequest()
 5 SYSTEMPATH\Boot.php(312): CodeIgniter\CodeIgniter->run()
 6 SYSTEMPATH\Boot.php(67): CodeIgniter\Boot::runCodeIgniter()
 7 FCPATH\index.php(59): CodeIgniter\Boot::bootWeb()
 8 SYSTEMPATH\Commands\Server\rewrite.php(49): require_once('C:\\xampp3\\htdocs\\Ci4_project\\public\\index.php')
