ERROR - 2024-06-18 06:31:55 --> Email: Unable to send email using SMTP. Your server might not be configured to send mail using this method.
ERROR - 2024-06-18 06:31:55 --> 220 smtp.gmail.com ESMTP a640c23a62f3a-a6f56f41adesm583841066b.165 - gsmtp

hello: 250-smtp.gmail.com at your service, [156.0.233.52]
250-SIZE 35882577
250-8BITMIME
250-STARTTLS
250-ENHANCEDSTATUSCODES
250-PIPELINING
250-CHUNKING
250 SMTPUTF8

starttls: 220 2.0.0 Ready to start TLS

hello: 250-smtp.gmail.com at your service, [156.0.233.52]
250-SIZE 35882577
250-8BITMIME
250-AUTH LOGIN PLAIN XOAUTH2 PLAIN-CLIENTTOKEN OAUTHBEARER XOAUTH
250-ENHANCEDSTATUSCODES
250-PIPELINING
250-CHUNKING
250 SMTPUTF8

Failed to authenticate password. Error: 535-5.7.8 Username and Password not accepted. For more information, go to
535 5.7.8  https://support.google.com/mail/?p=BadCredentials a640c23a62f3a-a6f56f41adesm583841066b.165 - gsmtp

ERROR - 2024-06-18 06:31:55 --> Email sending failed: 220 smtp.gmail.com ESMTP a640c23a62f3a-a6f56f41adesm583841066b.165 - gsmtp
<br><pre>hello: 250-smtp.gmail.com at your service, [156.0.233.52]
250-SIZE 35882577
250-8BITMIME
250-STARTTLS
250-ENHANCEDSTATUSCODES
250-PIPELINING
250-CHUNKING
250 SMTPUTF8
</pre><pre>starttls: 220 2.0.0 Ready to start TLS
</pre><pre>hello: 250-smtp.gmail.com at your service, [156.0.233.52]
250-SIZE 35882577
250-8BITMIME
250-AUTH LOGIN PLAIN XOAUTH2 PLAIN-CLIENTTOKEN OAUTHBEARER XOAUTH
250-ENHANCEDSTATUSCODES
250-PIPELINING
250-CHUNKING
250 SMTPUTF8
</pre>Failed to authenticate password. Error: 535-5.7.8 Username and Password not accepted. For more information, go to
535 5.7.8  https://support.google.com/mail/?p=BadCredentials a640c23a62f3a-a6f56f41adesm583841066b.165 - gsmtp
<br>Unable to send email using SMTP. Your server might not be configured to send mail using this method.<br><pre>Date: Tue, 18 Jun 2024 06:31:53 +0000
To: wvalentinem@gmail.com
Subject: =?UTF-8?Q?Your=20Account=20Details=20Updated?=
From: &quot;Bid Box&quot; &lt;kellygituka@gmail.com&gt;
Return-Path: &lt;kellygituka@gmail.com&gt;
Reply-To: &lt;kellygituka@gmail.com&gt;
User-Agent: CodeIgniter
X-Sender: kellygituka@gmail.com
X-Mailer: CodeIgniter
X-Priority: 3 (Normal)
Message-ID: &lt;667129d9a87048.60232933@gmail.com&gt;
Mime-Version: 1.0

</pre>
